# JRE version: Java(TM) SE Runtime Environment (8.0_121-b13) (build 1.8.0_121-b13)
# Java VM: Java HotSpot(TM) 64-Bit Server VM (25.121-b13 mixed mode windows-amd64 compressed oops)
Heap:
 PSYoungGen      total 137728K, used 33339K [0x00000000d5b80000, 0x00000000e3600000, 0x0000000100000000)
  eden space 132608K, 25% used [0x00000000d5b80000,0x00000000d7c0ed40,0x00000000ddd00000)
  from space 5120K, 0% used [0x00000000ddd00000,0x00000000ddd00000,0x00000000de200000)
  to   space 28672K, 0% used [0x00000000e1a00000,0x00000000e1a00000,0x00000000e3600000)
 ParOldGen       total 244736K, used 115454K [0x0000000081200000, 0x0000000090100000, 0x00000000d5b80000)
  object space 244736K, 47% used [0x0000000081200000,0x00000000882bfa40,0x0000000090100000)
 Metaspace       used 11546K, capacity 11770K, committed 12032K, reserved 1060864K
  class space    used 1440K, capacity 1511K, committed 1536K, reserved 1048576K
GC Heap History (10 events):
Event: 2.271 GC heap before
{Heap before GC invocations=3 (full 0):
 PSYoungGen      total 71680K, used 70574K [0x00000000d5b80000, 0x00000000da680000, 0x0000000100000000)
  eden space 66560K, 100% used [0x00000000d5b80000,0x00000000d9c80000,0x00000000d9c80000)
  from space 5120K, 78% used [0x00000000da180000,0x00000000da56b858,0x00000000da680000)
  to   space 5120K, 0% used [0x00000000d9c80000,0x00000000d9c80000,0x00000000da180000)
 ParOldGen       total 87552K, used 30399K [0x0000000081200000, 0x0000000086780000, 0x00000000d5b80000)
  object space 87552K, 34% used [0x0000000081200000,0x0000000082fafcf0,0x0000000086780000)
 Metaspace       used 11511K, capacity 11642K, committed 11776K, reserved 1058816K
  class space    used 1440K, capacity 1511K, committed 1536K, reserved 1048576K
Event: 2.287 GC heap after
Heap after GC invocations=3 (full 0):
 PSYoungGen      total 71680K, used 5111K [0x00000000d5b80000, 0x00000000de780000, 0x0000000100000000)
  eden space 66560K, 0% used [0x00000000d5b80000,0x00000000d5b80000,0x00000000d9c80000)
  from space 5120K, 99% used [0x00000000d9c80000,0x00000000da17dc88,0x00000000da180000)
  to   space 5120K, 0% used [0x00000000de280000,0x00000000de280000,0x00000000de780000)
 ParOldGen       total 87552K, used 57644K [0x0000000081200000, 0x0000000086780000, 0x00000000d5b80000)
  object space 87552K, 65% used [0x0000000081200000,0x0000000084a4b1d0,0x0000000086780000)
 Metaspace       used 11511K, capacity 11642K, committed 11776K, reserved 1058816K
  class space    used 1440K, capacity 1511K, committed 1536K, reserved 1048576K
}
Event: 2.287 GC heap before
{Heap before GC invocations=4 (full 1):
 PSYoungGen      total 71680K, used 5111K [0x00000000d5b80000, 0x00000000de780000, 0x0000000100000000)
  eden space 66560K, 0% used [0x00000000d5b80000,0x00000000d5b80000,0x00000000d9c80000)
  from space 5120K, 99% used [0x00000000d9c80000,0x00000000da17dc88,0x00000000da180000)
  to   space 5120K, 0% used [0x00000000de280000,0x00000000de280000,0x00000000de780000)
 ParOldGen       total 87552K, used 57644K [0x0000000081200000, 0x0000000086780000, 0x00000000d5b80000)
  object space 87552K, 65% used [0x0000000081200000,0x0000000084a4b1d0,0x0000000086780000)
 Metaspace       used 11511K, capacity 11642K, committed 11776K, reserved 1058816K
  class space    used 1440K, capacity 1511K, committed 1536K, reserved 1048576K
Event: 2.321 GC heap after
Heap after GC invocations=4 (full 1):
 PSYoungGen      total 71680K, used 0K [0x00000000d5b80000, 0x00000000de780000, 0x0000000100000000)
  eden space 66560K, 0% used [0x00000000d5b80000,0x00000000d5b80000,0x00000000d9c80000)
  from space 5120K, 0% used [0x00000000d9c80000,0x00000000d9c80000,0x00000000da180000)
  to   space 5120K, 0% used [0x00000000de280000,0x00000000de280000,0x00000000de780000)
 ParOldGen       total 128000K, used 50532K [0x0000000081200000, 0x0000000088f00000, 0x00000000d5b80000)
  object space 128000K, 39% used [0x0000000081200000,0x0000000084359190,0x0000000088f00000)
 Metaspace       used 11511K, capacity 11642K, committed 11776K, reserved 1058816K
  class space    used 1440K, capacity 1511K, committed 1536K, reserved 1048576K
}
Event: 3.095 GC heap before
{Heap before GC invocations=5 (full 1):
 PSYoungGen      total 71680K, used 65307K [0x00000000d5b80000, 0x00000000de780000, 0x0000000100000000)
  eden space 66560K, 98% used [0x00000000d5b80000,0x00000000d9b46c40,0x00000000d9c80000)
  from space 5120K, 0% used [0x00000000d9c80000,0x00000000d9c80000,0x00000000da180000)
  to   space 5120K, 0% used [0x00000000de280000,0x00000000de280000,0x00000000de780000)
 ParOldGen       total 128000K, used 52557K [0x0000000081200000, 0x0000000088f00000, 0x00000000d5b80000)
  object space 128000K, 41% used [0x0000000081200000,0x00000000845535a0,0x0000000088f00000)
 Metaspace       used 11532K, capacity 11770K, committed 12032K, reserved 1060864K
  class space    used 1440K, capacity 1511K, committed 1536K, reserved 1048576K
Event: 3.108 GC heap after
Heap after GC invocations=5 (full 1):
 PSYoungGen      total 110080K, used 4242K [0x00000000d5b80000, 0x00000000de700000, 0x0000000100000000)
  eden space 105472K, 0% used [0x00000000d5b80000,0x00000000d5b80000,0x00000000dc280000)
  from space 4608K, 92% used [0x00000000de280000,0x00000000de6a4820,0x00000000de700000)
  to   space 5120K, 0% used [0x00000000ddd00000,0x00000000ddd00000,0x00000000de200000)
 ParOldGen       total 128000K, used 84965K [0x0000000081200000, 0x0000000088f00000, 0x00000000d5b80000)
  object space 128000K, 66% used [0x0000000081200000,0x00000000864f96a0,0x0000000088f00000)
 Metaspace       used 11532K, capacity 11770K, committed 12032K, reserved 1060864K
  class space    used 1440K, capacity 1511K, committed 1536K, reserved 1048576K
}
Event: 4.514 GC heap before
{Heap before GC invocations=6 (full 1):
 PSYoungGen      total 110080K, used 109714K [0x00000000d5b80000, 0x00000000de700000, 0x0000000100000000)
  eden space 105472K, 100% used [0x00000000d5b80000,0x00000000dc280000,0x00000000dc280000)
  from space 4608K, 92% used [0x00000000de280000,0x00000000de6a4820,0x00000000de700000)
  to   space 5120K, 0% used [0x00000000ddd00000,0x00000000ddd00000,0x00000000de200000)
 ParOldGen       total 128000K, used 87205K [0x0000000081200000, 0x0000000088f00000, 0x00000000d5b80000)
  object space 128000K, 68% used [0x0000000081200000,0x0000000086729680,0x0000000088f00000)
 Metaspace       used 11545K, capacity 11770K, committed 12032K, reserved 1060864K
  class space    used 1440K, capacity 1511K, committed 1536K, reserved 1048576K
Event: 4.540 GC heap after
Heap after GC invocations=6 (full 1):
 PSYoungGen      total 137728K, used 4242K [0x00000000d5b80000, 0x00000000e3600000, 0x0000000100000000)
  eden space 132608K, 0% used [0x00000000d5b80000,0x00000000d5b80000,0x00000000ddd00000)
  from space 5120K, 82% used [0x00000000ddd00000,0x00000000de124820,0x00000000de200000)
  to   space 28672K, 0% used [0x00000000e1a00000,0x00000000e1a00000,0x00000000e3600000)
 ParOldGen       total 148480K, used 147964K [0x0000000081200000, 0x000000008a300000, 0x00000000d5b80000)
  object space 148480K, 99% used [0x0000000081200000,0x000000008a27f060,0x000000008a300000)
 Metaspace       used 11545K, capacity 11770K, committed 12032K, reserved 1060864K
  class space    used 1440K, capacity 1511K, committed 1536K, reserved 1048576K
}
Event: 4.541 GC heap before
{Heap before GC invocations=7 (full 2):
 PSYoungGen      total 137728K, used 4242K [0x00000000d5b80000, 0x00000000e3600000, 0x0000000100000000)
  eden space 132608K, 0% used [0x00000000d5b80000,0x00000000d5b80000,0x00000000ddd00000)
  from space 5120K, 82% used [0x00000000ddd00000,0x00000000de124820,0x00000000de200000)
  to   space 28672K, 0% used [0x00000000e1a00000,0x00000000e1a00000,0x00000000e3600000)
 ParOldGen       total 148480K, used 147964K [0x0000000081200000, 0x000000008a300000, 0x00000000d5b80000)
  object space 148480K, 99% used [0x0000000081200000,0x000000008a27f060,0x000000008a300000)
 Metaspace       used 11545K, capacity 11770K, committed 12032K, reserved 1060864K
  class space    used 1440K, capacity 1511K, committed 1536K, reserved 1048576K
Event: 4.574 GC heap after
Heap after GC invocations=7 (full 2):
 PSYoungGen      total 137728K, used 0K [0x00000000d5b80000, 0x00000000e3600000, 0x0000000100000000)
  eden space 132608K, 0% used [0x00000000d5b80000,0x00000000d5b80000,0x00000000ddd00000)
  from space 5120K, 0% used [0x00000000ddd00000,0x00000000ddd00000,0x00000000de200000)
  to   space 28672K, 0% used [0x00000000e1a00000,0x00000000e1a00000,0x00000000e3600000)
 ParOldGen       total 244736K, used 115454K [0x0000000081200000, 0x0000000090100000, 0x00000000d5b80000)
  object space 244736K, 47% used [0x0000000081200000,0x00000000882bfa40,0x0000000090100000)
 Metaspace       used 11545K, capacity 11770K, committed 12032K, reserved 1060864K
  class space    used 1440K, capacity 1511K, committed 1536K, reserved 1048576K
}

