# JRE version: Java(TM) SE Runtime Environment (8.0_121-b13) (build 1.8.0_121-b13)
# Java VM: Java HotSpot(TM) 64-Bit Server VM (25.121-b13 mixed mode windows-amd64 compressed oops)
Heap:
 PSYoungGen      total 64000K, used 47165K [0x00000000d5b80000, 0x00000000da600000, 0x0000000100000000)
  eden space 58880K, 80% used [0x00000000d5b80000,0x00000000d898f528,0x00000000d9500000)
  from space 5120K, 0% used [0x00000000d9c00000,0x00000000d9c00000,0x00000000da100000)
  to   space 4608K, 0% used [0x00000000da180000,0x00000000da180000,0x00000000da600000)
 ParOldGen       total 121856K, used 115408K [0x0000000081200000, 0x0000000088900000, 0x00000000d5b80000)
  object space 121856K, 94% used [0x0000000081200000,0x00000000882b40c8,0x0000000088900000)
 Metaspace       used 11733K, capacity 11958K, committed 12032K, reserved 1060864K
  class space    used 1441K, capacity 1511K, committed 1536K, reserved 1048576K
GC Heap History (10 events):
Event: 2.819 GC heap before
{Heap before GC invocations=4 (full 1):
 PSYoungGen      total 38400K, used 5111K [0x00000000d5b80000, 0x00000000da680000, 0x0000000100000000)
  eden space 33280K, 0% used [0x00000000d5b80000,0x00000000d5b80000,0x00000000d7c00000)
  from space 5120K, 99% used [0x00000000d7c00000,0x00000000d80fdc68,0x00000000d8100000)
  to   space 5120K, 0% used [0x00000000da180000,0x00000000da180000,0x00000000da680000)
 ParOldGen       total 87552K, used 67926K [0x0000000081200000, 0x0000000086780000, 0x00000000d5b80000)
  object space 87552K, 77% used [0x0000000081200000,0x0000000085455830,0x0000000086780000)
 Metaspace       used 11528K, capacity 11702K, committed 11776K, reserved 1058816K
  class space    used 1441K, capacity 1511K, committed 1536K, reserved 1048576K
Event: 2.852 GC heap after
Heap after GC invocations=4 (full 1):
 PSYoungGen      total 38400K, used 0K [0x00000000d5b80000, 0x00000000da680000, 0x0000000100000000)
  eden space 33280K, 0% used [0x00000000d5b80000,0x00000000d5b80000,0x00000000d7c00000)
  from space 5120K, 0% used [0x00000000d7c00000,0x00000000d7c00000,0x00000000d8100000)
  to   space 5120K, 0% used [0x00000000da180000,0x00000000da180000,0x00000000da680000)
 ParOldGen       total 121856K, used 46612K [0x0000000081200000, 0x0000000088900000, 0x00000000d5b80000)
  object space 121856K, 38% used [0x0000000081200000,0x0000000083f85330,0x0000000088900000)
 Metaspace       used 11528K, capacity 11702K, committed 11776K, reserved 1058816K
  class space    used 1441K, capacity 1511K, committed 1536K, reserved 1048576K
}
Event: 3.136 GC heap before
{Heap before GC invocations=5 (full 1):
 PSYoungGen      total 38400K, used 33280K [0x00000000d5b80000, 0x00000000da680000, 0x0000000100000000)
  eden space 33280K, 100% used [0x00000000d5b80000,0x00000000d7c00000,0x00000000d7c00000)
  from space 5120K, 0% used [0x00000000d7c00000,0x00000000d7c00000,0x00000000d8100000)
  to   space 5120K, 0% used [0x00000000da180000,0x00000000da180000,0x00000000da680000)
 ParOldGen       total 121856K, used 46620K [0x0000000081200000, 0x0000000088900000, 0x00000000d5b80000)
  object space 121856K, 38% used [0x0000000081200000,0x0000000083f87150,0x0000000088900000)
 Metaspace       used 11564K, capacity 11766K, committed 12032K, reserved 1060864K
  class space    used 1441K, capacity 1511K, committed 1536K, reserved 1048576K
Event: 3.145 GC heap after
Heap after GC invocations=5 (full 1):
 PSYoungGen      total 63488K, used 4242K [0x00000000d5b80000, 0x00000000da600000, 0x0000000100000000)
  eden space 58880K, 0% used [0x00000000d5b80000,0x00000000d5b80000,0x00000000d9500000)
  from space 4608K, 92% used [0x00000000da180000,0x00000000da5a4820,0x00000000da600000)
  to   space 5120K, 0% used [0x00000000d9c00000,0x00000000d9c00000,0x00000000da100000)
 ParOldGen       total 121856K, used 68903K [0x0000000081200000, 0x0000000088900000, 0x00000000d5b80000)
  object space 121856K, 56% used [0x0000000081200000,0x0000000085549e00,0x0000000088900000)
 Metaspace       used 11564K, capacity 11766K, committed 12032K, reserved 1060864K
  class space    used 1441K, capacity 1511K, committed 1536K, reserved 1048576K
}
Event: 4.081 GC heap before
{Heap before GC invocations=6 (full 1):
 PSYoungGen      total 63488K, used 63122K [0x00000000d5b80000, 0x00000000da600000, 0x0000000100000000)
  eden space 58880K, 100% used [0x00000000d5b80000,0x00000000d9500000,0x00000000d9500000)
  from space 4608K, 92% used [0x00000000da180000,0x00000000da5a4820,0x00000000da600000)
  to   space 5120K, 0% used [0x00000000d9c00000,0x00000000d9c00000,0x00000000da100000)
 ParOldGen       total 121856K, used 69099K [0x0000000081200000, 0x0000000088900000, 0x00000000d5b80000)
  object space 121856K, 56% used [0x0000000081200000,0x000000008557af20,0x0000000088900000)
 Metaspace       used 11695K, capacity 11894K, committed 12032K, reserved 1060864K
  class space    used 1441K, capacity 1511K, committed 1536K, reserved 1048576K
Event: 4.105 GC heap after
Heap after GC invocations=6 (full 1):
 PSYoungGen      total 64000K, used 4242K [0x00000000d5b80000, 0x00000000da600000, 0x0000000100000000)
  eden space 58880K, 0% used [0x00000000d5b80000,0x00000000d5b80000,0x00000000d9500000)
  from space 5120K, 82% used [0x00000000d9c00000,0x00000000da024820,0x00000000da100000)
  to   space 4608K, 0% used [0x00000000da180000,0x00000000da180000,0x00000000da600000)
 ParOldGen       total 121856K, used 121758K [0x0000000081200000, 0x0000000088900000, 0x00000000d5b80000)
  object space 121856K, 99% used [0x0000000081200000,0x00000000888e78c0,0x0000000088900000)
 Metaspace       used 11695K, capacity 11894K, committed 12032K, reserved 1060864K
  class space    used 1441K, capacity 1511K, committed 1536K, reserved 1048576K
}
Event: 4.105 GC heap before
{Heap before GC invocations=7 (full 2):
 PSYoungGen      total 64000K, used 4242K [0x00000000d5b80000, 0x00000000da600000, 0x0000000100000000)
  eden space 58880K, 0% used [0x00000000d5b80000,0x00000000d5b80000,0x00000000d9500000)
  from space 5120K, 82% used [0x00000000d9c00000,0x00000000da024820,0x00000000da100000)
  to   space 4608K, 0% used [0x00000000da180000,0x00000000da180000,0x00000000da600000)
 ParOldGen       total 121856K, used 121758K [0x0000000081200000, 0x0000000088900000, 0x00000000d5b80000)
  object space 121856K, 99% used [0x0000000081200000,0x00000000888e78c0,0x0000000088900000)
 Metaspace       used 11695K, capacity 11894K, committed 12032K, reserved 1060864K
  class space    used 1441K, capacity 1511K, committed 1536K, reserved 1048576K
Event: 4.130 GC heap after
Heap after GC invocations=7 (full 2):
 PSYoungGen      total 64000K, used 0K [0x00000000d5b80000, 0x00000000da600000, 0x0000000100000000)
  eden space 58880K, 0% used [0x00000000d5b80000,0x00000000d5b80000,0x00000000d9500000)
  from space 5120K, 0% used [0x00000000d9c00000,0x00000000d9c00000,0x00000000da100000)
  to   space 4608K, 0% used [0x00000000da180000,0x00000000da180000,0x00000000da600000)
 ParOldGen       total 121856K, used 89239K [0x0000000081200000, 0x0000000088900000, 0x00000000d5b80000)
  object space 121856K, 73% used [0x0000000081200000,0x0000000086925c90,0x0000000088900000)
 Metaspace       used 11695K, capacity 11894K, committed 12032K, reserved 1060864K
  class space    used 1441K, capacity 1511K, committed 1536K, reserved 1048576K
}
Event: 5.053 GC heap before
{Heap before GC invocations=8 (full 3):
 PSYoungGen      total 64000K, used 58880K [0x00000000d5b80000, 0x00000000da600000, 0x0000000100000000)
  eden space 58880K, 100% used [0x00000000d5b80000,0x00000000d9500000,0x00000000d9500000)
  from space 5120K, 0% used [0x00000000d9c00000,0x00000000d9c00000,0x00000000da100000)
  to   space 4608K, 0% used [0x00000000da180000,0x00000000da180000,0x00000000da600000)
 ParOldGen       total 121856K, used 91467K [0x0000000081200000, 0x0000000088900000, 0x00000000d5b80000)
  object space 121856K, 75% used [0x0000000081200000,0x0000000086b52f40,0x0000000088900000)
 Metaspace       used 11725K, capacity 11958K, committed 12032K, reserved 1060864K
  class space    used 1441K, capacity 1511K, committed 1536K, reserved 1048576K
Event: 5.131 GC heap after
Heap after GC invocations=8 (full 3):
 PSYoungGen      total 64000K, used 0K [0x00000000d5b80000, 0x00000000da600000, 0x0000000100000000)
  eden space 58880K, 0% used [0x00000000d5b80000,0x00000000d5b80000,0x00000000d9500000)
  from space 5120K, 0% used [0x00000000d9c00000,0x00000000d9c00000,0x00000000da100000)
  to   space 4608K, 0% used [0x00000000da180000,0x00000000da180000,0x00000000da600000)
 ParOldGen       total 121856K, used 115408K [0x0000000081200000, 0x0000000088900000, 0x00000000d5b80000)
  object space 121856K, 94% used [0x0000000081200000,0x00000000882b40c8,0x0000000088900000)
 Metaspace       used 11725K, capacity 11958K, committed 12032K, reserved 1060864K
  class space    used 1441K, capacity 1511K, committed 1536K, reserved 1048576K
}

